1661864889961	geckodriver	INFO	Listening on 127.0.0.1:55675
1661864892990	mozrunner::runner	INFO	Running command: "C:\\Program Files\\Mozilla Firefox\\firefox.exe" "--marionette" "--remote-debugging-port" "55676" "--remote-allow-hosts" "localhost" "-no-remote" "-profile" "C:\\Users\\jornb\\AppData\\Local\\Temp\\rust_mozprofileP39Wcc"
1661864893281	Marionette	INFO	Marionette enabled
1661864893286	Marionette	INFO	Listening on port 55753
WebDriver BiDi listening on ws://localhost:55676
Read port: 55753
1661864893364	RemoteAgent	WARN	TLS certificate errors will be ignored for this session
console.warn: SearchSettings: "get: No settings file exists, new profile?" (new NotFoundError("Could not open the file at C:\\Users\\jornb\\AppData\\Local\\Temp\\rust_mozprofileP39Wcc\\search.json.mozlz4", (void 0)))
DevTools listening on ws://localhost:55676/devtools/browser/dbe286ab-b61d-4053-ad89-0ce423a42fc5
1661864912450	Marionette	INFO	Stopped listening on port 55753
1661865006111	geckodriver	INFO	Listening on 127.0.0.1:57027
1661865009155	mozrunner::runner	INFO	Running command: "C:\\Program Files\\Mozilla Firefox\\firefox.exe" "--marionette" "--remote-debugging-port" "57028" "--remote-allow-hosts" "localhost" "-no-remote" "-profile" "C:\\Users\\jornb\\AppData\\Local\\Temp\\rust_mozprofiledUShkT"
1661865009449	Marionette	INFO	Marionette enabled
1661865009453	Marionette	INFO	Listening on port 57091
WebDriver BiDi listening on ws://localhost:57028
Read port: 57091
1661865009531	RemoteAgent	WARN	TLS certificate errors will be ignored for this session
console.warn: SearchSettings: "get: No settings file exists, new profile?" (new NotFoundError("Could not open the file at C:\\Users\\jornb\\AppData\\Local\\Temp\\rust_mozprofiledUShkT\\search.json.mozlz4", (void 0)))
DevTools listening on ws://localhost:57028/devtools/browser/08df85cc-e206-46a2-8348-a1d9356bbbf4
1661865031320	Marionette	INFO	Stopped listening on port 57091
1661865065349	geckodriver	INFO	Listening on 127.0.0.1:57705
1661865068402	mozrunner::runner	INFO	Running command: "C:\\Program Files\\Mozilla Firefox\\firefox.exe" "--marionette" "--remote-debugging-port" "57706" "--remote-allow-hosts" "localhost" "-no-remote" "-profile" "C:\\Users\\jornb\\AppData\\Local\\Temp\\rust_mozprofilef4VInK"
1661865068693	Marionette	INFO	Marionette enabled
1661865068697	Marionette	INFO	Listening on port 57780
WebDriver BiDi listening on ws://localhost:57706
Read port: 57780
1661865068788	RemoteAgent	WARN	TLS certificate errors will be ignored for this session
console.warn: SearchSettings: "get: No settings file exists, new profile?" (new NotFoundError("Could not open the file at C:\\Users\\jornb\\AppData\\Local\\Temp\\rust_mozprofilef4VInK\\search.json.mozlz4", (void 0)))
DevTools listening on ws://localhost:57706/devtools/browser/e91517ba-7f24-4af7-9aca-089cc63f0fad
1661865089903	Marionette	INFO	Stopped listening on port 57780
1661865124008	geckodriver	INFO	Listening on 127.0.0.1:58388
1661865127064	mozrunner::runner	INFO	Running command: "C:\\Program Files\\Mozilla Firefox\\firefox.exe" "--marionette" "--remote-debugging-port" "58389" "--remote-allow-hosts" "localhost" "-no-remote" "-profile" "C:\\Users\\jornb\\AppData\\Local\\Temp\\rust_mozprofileQsFTuI"
1661865127355	Marionette	INFO	Marionette enabled
1661865127359	Marionette	INFO	Listening on port 58463
WebDriver BiDi listening on ws://localhost:58389
Read port: 58463
1661865127453	RemoteAgent	WARN	TLS certificate errors will be ignored for this session
console.warn: SearchSettings: "get: No settings file exists, new profile?" (new NotFoundError("Could not open the file at C:\\Users\\jornb\\AppData\\Local\\Temp\\rust_mozprofileQsFTuI\\search.json.mozlz4", (void 0)))
DevTools listening on ws://localhost:58389/devtools/browser/6bcb2b91-6a20-4b3c-81cc-d65af061bf60
1661865147766	Marionette	INFO	Stopped listening on port 58463
1661865266623	geckodriver	INFO	Listening on 127.0.0.1:60004
1661865269661	mozrunner::runner	INFO	Running command: "C:\\Program Files\\Mozilla Firefox\\firefox.exe" "--marionette" "--remote-debugging-port" "60005" "--remote-allow-hosts" "localhost" "-no-remote" "-profile" "C:\\Users\\jornb\\AppData\\Local\\Temp\\rust_mozprofileIgIoyZ"
1661865269947	Marionette	INFO	Marionette enabled
1661865269951	Marionette	INFO	Listening on port 60084
WebDriver BiDi listening on ws://localhost:60005
Read port: 60084
1661865270031	RemoteAgent	WARN	TLS certificate errors will be ignored for this session
console.warn: SearchSettings: "get: No settings file exists, new profile?" (new NotFoundError("Could not open the file at C:\\Users\\jornb\\AppData\\Local\\Temp\\rust_mozprofileIgIoyZ\\search.json.mozlz4", (void 0)))
DevTools listening on ws://localhost:60005/devtools/browser/1542f41e-3b8e-4235-a198-80120dbed4c7
1661865289718	Marionette	INFO	Stopped listening on port 60084
[Parent 35092, IPC I/O Parent] WARNING: file /builds/worker/checkouts/gecko/ipc/chromium/src/base/process_util_win.cc:167
1661865374476	geckodriver	INFO	Listening on 127.0.0.1:61169
1661865377508	mozrunner::runner	INFO	Running command: "C:\\Program Files\\Mozilla Firefox\\firefox.exe" "--marionette" "--remote-debugging-port" "61170" "--remote-allow-hosts" "localhost" "-no-remote" "-profile" "C:\\Users\\jornb\\AppData\\Local\\Temp\\rust_mozprofilelQQs1s"
1661865377800	Marionette	INFO	Marionette enabled
1661865377804	Marionette	INFO	Listening on port 61330
WebDriver BiDi listening on ws://localhost:61170
Read port: 61330
1661865377896	RemoteAgent	WARN	TLS certificate errors will be ignored for this session
console.warn: SearchSettings: "get: No settings file exists, new profile?" (new NotFoundError("Could not open the file at C:\\Users\\jornb\\AppData\\Local\\Temp\\rust_mozprofilelQQs1s\\search.json.mozlz4", (void 0)))
DevTools listening on ws://localhost:61170/devtools/browser/50072d98-45fc-4b8f-bfc9-b28495323e36
1661865396542	Marionette	INFO	Stopped listening on port 61330
1661865436777	geckodriver	INFO	Listening on 127.0.0.1:62031
1661865439809	mozrunner::runner	INFO	Running command: "C:\\Program Files\\Mozilla Firefox\\firefox.exe" "--marionette" "--remote-debugging-port" "62032" "--remote-allow-hosts" "localhost" "-no-remote" "-profile" "C:\\Users\\jornb\\AppData\\Local\\Temp\\rust_mozprofilek2Y7rA"
1661865440098	Marionette	INFO	Marionette enabled
1661865440102	Marionette	INFO	Listening on port 62098
WebDriver BiDi listening on ws://localhost:62032
Read port: 62098
1661865440196	RemoteAgent	WARN	TLS certificate errors will be ignored for this session
console.warn: SearchSettings: "get: No settings file exists, new profile?" (new NotFoundError("Could not open the file at C:\\Users\\jornb\\AppData\\Local\\Temp\\rust_mozprofilek2Y7rA\\search.json.mozlz4", (void 0)))
DevTools listening on ws://localhost:62032/devtools/browser/b2f87612-3ee2-4613-b4bc-48d515e5490f
1661865458923	Marionette	INFO	Stopped listening on port 62098
[Parent 25108, IPC I/O Parent] WARNING: file /builds/worker/checkouts/gecko/ipc/chromium/src/base/process_util_win.cc:167
1661865533696	geckodriver	INFO	Listening on 127.0.0.1:63219
1661865536720	mozrunner::runner	INFO	Running command: "C:\\Program Files\\Mozilla Firefox\\firefox.exe" "--marionette" "--remote-debugging-port" "63220" "--remote-allow-hosts" "localhost" "-no-remote" "-profile" "C:\\Users\\jornb\\AppData\\Local\\Temp\\rust_mozprofileFwIusV"
1661865537007	Marionette	INFO	Marionette enabled
1661865537011	Marionette	INFO	Listening on port 63288
WebDriver BiDi listening on ws://localhost:63220
Read port: 63288
1661865537093	RemoteAgent	WARN	TLS certificate errors will be ignored for this session
console.warn: SearchSettings: "get: No settings file exists, new profile?" (new NotFoundError("Could not open the file at C:\\Users\\jornb\\AppData\\Local\\Temp\\rust_mozprofileFwIusV\\search.json.mozlz4", (void 0)))
DevTools listening on ws://localhost:63220/devtools/browser/964521ff-cf83-4346-887b-6d9100990675
1661865556870	Marionette	INFO	Stopped listening on port 63288
1661865602413	geckodriver	INFO	Listening on 127.0.0.1:64153
1661865605439	mozrunner::runner	INFO	Running command: "C:\\Program Files\\Mozilla Firefox\\firefox.exe" "--marionette" "--remote-debugging-port" "64154" "--remote-allow-hosts" "localhost" "-no-remote" "-profile" "C:\\Users\\jornb\\AppData\\Local\\Temp\\rust_mozprofileCUlflI"
1661865605727	Marionette	INFO	Marionette enabled
1661865605731	Marionette	INFO	Listening on port 64220
WebDriver BiDi listening on ws://localhost:64154
Read port: 64220
1661865605808	RemoteAgent	WARN	TLS certificate errors will be ignored for this session
console.warn: SearchSettings: "get: No settings file exists, new profile?" (new NotFoundError("Could not open the file at C:\\Users\\jornb\\AppData\\Local\\Temp\\rust_mozprofileCUlflI\\search.json.mozlz4", (void 0)))
DevTools listening on ws://localhost:64154/devtools/browser/de11548b-f0b7-48ae-9530-dc6689a60f7b
1661865624827	Marionette	INFO	Stopped listening on port 64220
1661865750043	geckodriver	INFO	Listening on 127.0.0.1:49990
1661865753067	mozrunner::runner	INFO	Running command: "C:\\Program Files\\Mozilla Firefox\\firefox.exe" "--marionette" "--remote-debugging-port" "49991" "--remote-allow-hosts" "localhost" "-no-remote" "-profile" "C:\\Users\\jornb\\AppData\\Local\\Temp\\rust_mozprofiletPKTX3"
1661865753357	Marionette	INFO	Marionette enabled
1661865753361	Marionette	INFO	Listening on port 50063
WebDriver BiDi listening on ws://localhost:49991
Read port: 50063
1661865753439	RemoteAgent	WARN	TLS certificate errors will be ignored for this session
console.warn: SearchSettings: "get: No settings file exists, new profile?" (new NotFoundError("Could not open the file at C:\\Users\\jornb\\AppData\\Local\\Temp\\rust_mozprofiletPKTX3\\search.json.mozlz4", (void 0)))
DevTools listening on ws://localhost:49991/devtools/browser/5557ff32-032d-4535-8ca5-a23e86288096
1661865772217	Marionette	INFO	Stopped listening on port 50063
[Parent 28424, IPC I/O Parent] WARNING: file /builds/worker/checkouts/gecko/ipc/chromium/src/base/process_util_win.cc:167
1661868465630	geckodriver	INFO	Listening on 127.0.0.1:51272
1661868468678	mozrunner::runner	INFO	Running command: "C:\\Program Files\\Mozilla Firefox\\firefox.exe" "--marionette" "--remote-debugging-port" "51273" "--remote-allow-hosts" "localhost" "-no-remote" "-profile" "C:\\Users\\jornb\\AppData\\Local\\Temp\\rust_mozprofileiQCLu7"
1661868469016	Marionette	INFO	Marionette enabled
1661868469020	Marionette	INFO	Listening on port 51342
WebDriver BiDi listening on ws://localhost:51273
Read port: 51342
1661868469213	RemoteAgent	WARN	TLS certificate errors will be ignored for this session
console.warn: SearchSettings: "get: No settings file exists, new profile?" (new NotFoundError("Could not open the file at C:\\Users\\jornb\\AppData\\Local\\Temp\\rust_mozprofileiQCLu7\\search.json.mozlz4", (void 0)))
DevTools listening on ws://localhost:51273/devtools/browser/eb180f9c-0395-45aa-bd51-98a2d32bf1ab
1661868497456	Marionette	INFO	Stopped listening on port 51342
1661868549928	geckodriver	INFO	Listening on 127.0.0.1:52439
1661868552943	mozrunner::runner	INFO	Running command: "C:\\Program Files\\Mozilla Firefox\\firefox.exe" "--marionette" "--remote-debugging-port" "52440" "--remote-allow-hosts" "localhost" "-no-remote" "-profile" "C:\\Users\\jornb\\AppData\\Local\\Temp\\rust_mozprofileBDVBhh"
1661868553230	Marionette	INFO	Marionette enabled
1661868553234	Marionette	INFO	Listening on port 52504
WebDriver BiDi listening on ws://localhost:52440
Read port: 52504
1661868553380	RemoteAgent	WARN	TLS certificate errors will be ignored for this session
console.warn: SearchSettings: "get: No settings file exists, new profile?" (new NotFoundError("Could not open the file at C:\\Users\\jornb\\AppData\\Local\\Temp\\rust_mozprofileBDVBhh\\search.json.mozlz4", (void 0)))
DevTools listening on ws://localhost:52440/devtools/browser/897a4c8a-14d1-4b9e-a2ce-b710c343604d
1661868572489	Marionette	INFO	Stopped listening on port 52504
1661868620621	geckodriver	INFO	Listening on 127.0.0.1:53410
1661868623670	mozrunner::runner	INFO	Running command: "C:\\Program Files\\Mozilla Firefox\\firefox.exe" "--marionette" "--remote-debugging-port" "53411" "--remote-allow-hosts" "localhost" "-no-remote" "-profile" "C:\\Users\\jornb\\AppData\\Local\\Temp\\rust_mozprofileqRaoTq"
1661868623976	Marionette	INFO	Marionette enabled
1661868623980	Marionette	INFO	Listening on port 53484
WebDriver BiDi listening on ws://localhost:53411
Read port: 53484
1661868624062	RemoteAgent	WARN	TLS certificate errors will be ignored for this session
console.warn: SearchSettings: "get: No settings file exists, new profile?" (new NotFoundError("Could not open the file at C:\\Users\\jornb\\AppData\\Local\\Temp\\rust_mozprofileqRaoTq\\search.json.mozlz4", (void 0)))
DevTools listening on ws://localhost:53411/devtools/browser/cb9f8928-6126-46b9-9338-deae4c7f5d70
1661868642837	Marionette	INFO	Stopped listening on port 53484
1661868788554	geckodriver	INFO	Listening on 127.0.0.1:55703
1661868791578	mozrunner::runner	INFO	Running command: "C:\\Program Files\\Mozilla Firefox\\firefox.exe" "--marionette" "--remote-debugging-port" "55704" "--remote-allow-hosts" "localhost" "-no-remote" "-profile" "C:\\Users\\jornb\\AppData\\Local\\Temp\\rust_mozprofilepGjTZk"
1661868791866	Marionette	INFO	Marionette enabled
1661868791870	Marionette	INFO	Listening on port 55784
WebDriver BiDi listening on ws://localhost:55704
Read port: 55784
1661868791954	RemoteAgent	WARN	TLS certificate errors will be ignored for this session
console.warn: SearchSettings: "get: No settings file exists, new profile?" (new NotFoundError("Could not open the file at C:\\Users\\jornb\\AppData\\Local\\Temp\\rust_mozprofilepGjTZk\\search.json.mozlz4", (void 0)))
DevTools listening on ws://localhost:55704/devtools/browser/a10e4bba-8ea5-4c04-8271-ac2661c5c788
1661868814170	Marionette	INFO	Stopped listening on port 55784
[Parent 2372, IPC I/O Parent] WARNING: file /builds/worker/checkouts/gecko/ipc/chromium/src/base/process_util_win.cc:167
1661869200897	geckodriver	INFO	Listening on 127.0.0.1:61291
1661869203920	mozrunner::runner	INFO	Running command: "C:\\Program Files\\Mozilla Firefox\\firefox.exe" "--marionette" "--remote-debugging-port" "61292" "--remote-allow-hosts" "localhost" "-no-remote" "-profile" "C:\\Users\\jornb\\AppData\\Local\\Temp\\rust_mozprofile3heutu"
1661869204207	Marionette	INFO	Marionette enabled
1661869204211	Marionette	INFO	Listening on port 61368
WebDriver BiDi listening on ws://localhost:61292
Read port: 61368
1661869204303	RemoteAgent	WARN	TLS certificate errors will be ignored for this session
console.warn: SearchSettings: "get: No settings file exists, new profile?" (new NotFoundError("Could not open the file at C:\\Users\\jornb\\AppData\\Local\\Temp\\rust_mozprofile3heutu\\search.json.mozlz4", (void 0)))
DevTools listening on ws://localhost:61292/devtools/browser/cace6a9b-7f9a-4f2d-b8d0-3013428816a9
1661869224464	Marionette	INFO	Stopped listening on port 61368
[Parent 11972, IPC I/O Parent] WARNING: file /builds/worker/checkouts/gecko/ipc/chromium/src/base/process_util_win.cc:167
1661869315604	geckodriver	INFO	Listening on 127.0.0.1:62866
1661869318638	mozrunner::runner	INFO	Running command: "C:\\Program Files\\Mozilla Firefox\\firefox.exe" "--marionette" "--remote-debugging-port" "62867" "--remote-allow-hosts" "localhost" "-no-remote" "-profile" "C:\\Users\\jornb\\AppData\\Local\\Temp\\rust_mozprofileKp3WBm"
1661869318923	Marionette	INFO	Marionette enabled
1661869318927	Marionette	INFO	Listening on port 62939
WebDriver BiDi listening on ws://localhost:62867
Read port: 62939
1661869319079	RemoteAgent	WARN	TLS certificate errors will be ignored for this session
console.warn: SearchSettings: "get: No settings file exists, new profile?" (new NotFoundError("Could not open the file at C:\\Users\\jornb\\AppData\\Local\\Temp\\rust_mozprofileKp3WBm\\search.json.mozlz4", (void 0)))
DevTools listening on ws://localhost:62867/devtools/browser/68bafbc6-11be-41ed-8c90-2c9bbebe8b62
1661869338499	Marionette	INFO	Stopped listening on port 62939
[Parent 19540, IPC I/O Parent] WARNING: file /builds/worker/checkouts/gecko/ipc/chromium/src/base/process_util_win.cc:167
1661869464194	geckodriver	INFO	Listening on 127.0.0.1:64998
1661869467217	mozrunner::runner	INFO	Running command: "C:\\Program Files\\Mozilla Firefox\\firefox.exe" "--marionette" "--remote-debugging-port" "64999" "--remote-allow-hosts" "localhost" "-no-remote" "-profile" "C:\\Users\\jornb\\AppData\\Local\\Temp\\rust_mozprofileGm9ZAE"
1661869467506	Marionette	INFO	Marionette enabled
1661869467510	Marionette	INFO	Listening on port 65075
WebDriver BiDi listening on ws://localhost:64999
Read port: 65075
1661869467602	RemoteAgent	WARN	TLS certificate errors will be ignored for this session
console.warn: SearchSettings: "get: No settings file exists, new profile?" (new NotFoundError("Could not open the file at C:\\Users\\jornb\\AppData\\Local\\Temp\\rust_mozprofileGm9ZAE\\search.json.mozlz4", (void 0)))
DevTools listening on ws://localhost:64999/devtools/browser/6f013f97-c68a-4e31-b435-1714859a5511
1661869486593	Marionette	INFO	Stopped listening on port 65075
[Parent 20700, IPC I/O Parent] WARNING: file /builds/worker/checkouts/gecko/ipc/chromium/src/base/process_util_win.cc:167
1661946211183	geckodriver	INFO	Listening on 127.0.0.1:56642
1661946214228	mozrunner::runner	INFO	Running command: "C:\\Program Files\\Mozilla Firefox\\firefox.exe" "--marionette" "--remote-debugging-port" "56643" "--remote-allow-hosts" "localhost" "-no-remote" "-profile" "C:\\Users\\jornb\\AppData\\Local\\Temp\\rust_mozprofileupZ8D9"
1661946214568	Marionette	INFO	Marionette enabled
1661946214573	Marionette	INFO	Listening on port 56663
WebDriver BiDi listening on ws://localhost:56643
Read port: 56663
1661946214770	RemoteAgent	WARN	TLS certificate errors will be ignored for this session
console.warn: SearchSettings: "get: No settings file exists, new profile?" (new NotFoundError("Could not open the file at C:\\Users\\jornb\\AppData\\Local\\Temp\\rust_mozprofileupZ8D9\\search.json.mozlz4", (void 0)))
DevTools listening on ws://localhost:56643/devtools/browser/2182bfa8-102f-4e14-aea6-67eef00b541b
1661946245559	Marionette	INFO	Stopped listening on port 56663
1661946431377	geckodriver	INFO	Listening on 127.0.0.1:56935
1661946434383	mozrunner::runner	INFO	Running command: "C:\\Program Files\\Mozilla Firefox\\firefox.exe" "--marionette" "--remote-debugging-port" "56936" "--remote-allow-hosts" "localhost" "-no-remote" "-profile" "C:\\Users\\jornb\\AppData\\Local\\Temp\\rust_mozprofileWBWUGj"
1661946434672	Marionette	INFO	Marionette enabled
1661946434676	Marionette	INFO	Listening on port 56953
WebDriver BiDi listening on ws://localhost:56936
Read port: 56953
1661946434756	RemoteAgent	WARN	TLS certificate errors will be ignored for this session
console.warn: SearchSettings: "get: No settings file exists, new profile?" (new NotFoundError("Could not open the file at C:\\Users\\jornb\\AppData\\Local\\Temp\\rust_mozprofileWBWUGj\\search.json.mozlz4", (void 0)))
DevTools listening on ws://localhost:56936/devtools/browser/2dfadb10-a4a2-4957-94d5-2e90c033dae8
1661946841812	Marionette	INFO	Stopped listening on port 56953
1661946873840	geckodriver	INFO	Listening on 127.0.0.1:57541
1661946876895	mozrunner::runner	INFO	Running command: "C:\\Program Files\\Mozilla Firefox\\firefox.exe" "--marionette" "--remote-debugging-port" "57542" "--remote-allow-hosts" "localhost" "-no-remote" "-profile" "C:\\Users\\jornb\\AppData\\Local\\Temp\\rust_mozprofileYk6G5G"
1661946877194	Marionette	INFO	Marionette enabled
1661946877198	Marionette	INFO	Listening on port 57559
WebDriver BiDi listening on ws://localhost:57542
Read port: 57559
1661946877277	RemoteAgent	WARN	TLS certificate errors will be ignored for this session
console.warn: SearchSettings: "get: No settings file exists, new profile?" (new NotFoundError("Could not open the file at C:\\Users\\jornb\\AppData\\Local\\Temp\\rust_mozprofileYk6G5G\\search.json.mozlz4", (void 0)))
DevTools listening on ws://localhost:57542/devtools/browser/7f540e5e-53fb-4e53-b855-4bc33c013dcc
1661946940329	Marionette	INFO	Stopped listening on port 57559
console.warn: TopSitesFeed: Failed to fetch data from Contile server: NetworkError when attempting to fetch resource.
1661946965595	geckodriver	INFO	Listening on 127.0.0.1:57769
1661946968625	mozrunner::runner	INFO	Running command: "C:\\Program Files\\Mozilla Firefox\\firefox.exe" "--marionette" "--remote-debugging-port" "57770" "--remote-allow-hosts" "localhost" "-no-remote" "-profile" "C:\\Users\\jornb\\AppData\\Local\\Temp\\rust_mozprofilekSZ90T"
1661946968923	Marionette	INFO	Marionette enabled
1661946968928	Marionette	INFO	Listening on port 57790
WebDriver BiDi listening on ws://localhost:57770
Read port: 57790
1661946969008	RemoteAgent	WARN	TLS certificate errors will be ignored for this session
console.warn: SearchSettings: "get: No settings file exists, new profile?" (new NotFoundError("Could not open the file at C:\\Users\\jornb\\AppData\\Local\\Temp\\rust_mozprofilekSZ90T\\search.json.mozlz4", (void 0)))
DevTools listening on ws://localhost:57770/devtools/browser/af8126a2-0371-4c8f-b7e3-045c5ad1d42e
1661946992720	Marionette	INFO	Stopped listening on port 57790
1661953116737	geckodriver	INFO	Listening on 127.0.0.1:52553
1661953119800	mozrunner::runner	INFO	Running command: "C:\\Program Files\\Mozilla Firefox\\firefox.exe" "--marionette" "--remote-debugging-port" "52554" "--remote-allow-hosts" "localhost" "-no-remote" "-profile" "C:\\Users\\jornb\\AppData\\Local\\Temp\\rust_mozprofilesHpmiH"
1661953120083	Marionette	INFO	Marionette enabled
1661953120087	Marionette	INFO	Listening on port 52573
WebDriver BiDi listening on ws://localhost:52554
Read port: 52573
1661953120177	RemoteAgent	WARN	TLS certificate errors will be ignored for this session
console.warn: SearchSettings: "get: No settings file exists, new profile?" (new NotFoundError("Could not open the file at C:\\Users\\jornb\\AppData\\Local\\Temp\\rust_mozprofilesHpmiH\\search.json.mozlz4", (void 0)))
DevTools listening on ws://localhost:52554/devtools/browser/531776ec-1ee1-45f0-bcde-fcb1899aeae1
1661953153277	Marionette	INFO	Stopped listening on port 52573
console.warn: TopSitesFeed: Failed to fetch data from Contile server: NetworkError when attempting to fetch resource.
1661953199908	geckodriver	INFO	Listening on 127.0.0.1:52835
1661953202957	mozrunner::runner	INFO	Running command: "C:\\Program Files\\Mozilla Firefox\\firefox.exe" "--marionette" "--remote-debugging-port" "52836" "--remote-allow-hosts" "localhost" "-no-remote" "-profile" "C:\\Users\\jornb\\AppData\\Local\\Temp\\rust_mozprofiletQlNwi"
1661953203264	Marionette	INFO	Marionette enabled
1661953203269	Marionette	INFO	Listening on port 52857
WebDriver BiDi listening on ws://localhost:52836
Read port: 52857
1661953203351	RemoteAgent	WARN	TLS certificate errors will be ignored for this session
console.warn: SearchSettings: "get: No settings file exists, new profile?" (new NotFoundError("Could not open the file at C:\\Users\\jornb\\AppData\\Local\\Temp\\rust_mozprofiletQlNwi\\search.json.mozlz4", (void 0)))
DevTools listening on ws://localhost:52836/devtools/browser/c28cf66f-09a2-4d6b-bff2-240d6d058854
1661953221043	Marionette	INFO	Stopped listening on port 52857
1663230343395	geckodriver	INFO	Listening on 127.0.0.1:58651
1663230346440	mozrunner::runner	INFO	Running command: "C:\\Program Files\\Mozilla Firefox\\firefox.exe" "--marionette" "--remote-debugging-port" "58652" "--remote-allow-hosts" "localhost" "-no-remote" "-profile" "C:\\Users\\jornb\\AppData\\Local\\Temp\\rust_mozprofileSLgJEP"
1663230346769	Marionette	INFO	Marionette enabled
1663230346774	Marionette	INFO	Listening on port 58665
WebDriver BiDi listening on ws://localhost:58652
Read port: 58665
1663230346993	RemoteAgent	WARN	TLS certificate errors will be ignored for this session
console.warn: SearchSettings: "get: No settings file exists, new profile?" (new NotFoundError("Could not open the file at C:\\Users\\jornb\\AppData\\Local\\Temp\\rust_mozprofileSLgJEP\\search.json.mozlz4", (void 0)))
DevTools listening on ws://localhost:58652/devtools/browser/b97dca22-b661-4d08-b53b-a9d182174635
1663230365277	Marionette	INFO	Stopped listening on port 58665
1663246928673	geckodriver	INFO	Listening on 127.0.0.1:55399
1663246931712	mozrunner::runner	INFO	Running command: "C:\\Program Files\\Mozilla Firefox\\firefox.exe" "--marionette" "--remote-debugging-port" "55400" "--remote-allow-hosts" "localhost" "-no-remote" "-profile" "C:\\Users\\jornb\\AppData\\Local\\Temp\\rust_mozprofilejvH9FW"
1663246932073	Marionette	INFO	Marionette enabled
1663246932078	Marionette	INFO	Listening on port 55425
WebDriver BiDi listening on ws://localhost:55400
Read port: 55425
1663246932294	RemoteAgent	WARN	TLS certificate errors will be ignored for this session
console.warn: SearchSettings: "get: No settings file exists, new profile?" (new NotFoundError("Could not open the file at C:\\Users\\jornb\\AppData\\Local\\Temp\\rust_mozprofilejvH9FW\\search.json.mozlz4", (void 0)))
DevTools listening on ws://localhost:55400/devtools/browser/9f7f0d46-049f-4a89-ae16-a181a668697e
1663246948997	Marionette	INFO	Stopped listening on port 55425
1663247111627	geckodriver	INFO	Listening on 127.0.0.1:55960
1663247114662	mozrunner::runner	INFO	Running command: "C:\\Program Files\\Mozilla Firefox\\firefox.exe" "--marionette" "--remote-debugging-port" "55961" "--remote-allow-hosts" "localhost" "-no-remote" "-profile" "C:\\Users\\jornb\\AppData\\Local\\Temp\\rust_mozprofilertI3QN"
1663247114948	Marionette	INFO	Marionette enabled
1663247114952	Marionette	INFO	Listening on port 55984
WebDriver BiDi listening on ws://localhost:55961
Read port: 55984
1663247115043	RemoteAgent	WARN	TLS certificate errors will be ignored for this session
console.warn: SearchSettings: "get: No settings file exists, new profile?" (new NotFoundError("Could not open the file at C:\\Users\\jornb\\AppData\\Local\\Temp\\rust_mozprofilertI3QN\\search.json.mozlz4", (void 0)))
DevTools listening on ws://localhost:55961/devtools/browser/dbf742d1-df39-45f7-9193-158615093d0b
1663247134804	Marionette	INFO	Stopped listening on port 55984
[Parent 21936, IPC I/O Parent] WARNING: file /builds/worker/checkouts/gecko/ipc/chromium/src/base/process_util_win.cc:167
1663247286940	geckodriver	INFO	Listening on 127.0.0.1:56530
1663247289991	mozrunner::runner	INFO	Running command: "C:\\Program Files\\Mozilla Firefox\\firefox.exe" "--marionette" "--remote-debugging-port" "56531" "--remote-allow-hosts" "localhost" "-no-remote" "-profile" "C:\\Users\\jornb\\AppData\\Local\\Temp\\rust_mozprofile0fkwUu"
1663247290279	Marionette	INFO	Marionette enabled
1663247290283	Marionette	INFO	Listening on port 56556
WebDriver BiDi listening on ws://localhost:56531
Read port: 56556
1663247290373	RemoteAgent	WARN	TLS certificate errors will be ignored for this session
console.warn: SearchSettings: "get: No settings file exists, new profile?" (new NotFoundError("Could not open the file at C:\\Users\\jornb\\AppData\\Local\\Temp\\rust_mozprofile0fkwUu\\search.json.mozlz4", (void 0)))
DevTools listening on ws://localhost:56531/devtools/browser/7d9cd7c5-bb47-4351-ba35-5e373cfb20e7
1663247308445	Marionette	INFO	Stopped listening on port 56556
1664263839124	geckodriver	INFO	Listening on 127.0.0.1:59321
1664263842196	mozrunner::runner	INFO	Running command: "C:\\Program Files\\Mozilla Firefox\\firefox.exe" "--marionette" "--remote-debugging-port" "59322" "--remote-allow-hosts" "localhost" "-no-remote" "-profile" "C:\\Users\\jornb\\AppData\\Local\\Temp\\rust_mozprofileGPCihU"
1664263842556	Marionette	INFO	Marionette enabled
1664263842562	Marionette	INFO	Listening on port 59338
WebDriver BiDi listening on ws://127.0.0.1:59322
Read port: 59338
1664263842788	RemoteAgent	WARN	TLS certificate errors will be ignored for this session
console.warn: SearchSettings: "get: No settings file exists, new profile?" (new NotFoundError("Could not open the file at C:\\Users\\jornb\\AppData\\Local\\Temp\\rust_mozprofileGPCihU\\search.json.mozlz4", (void 0)))
DevTools listening on ws://127.0.0.1:59322/devtools/browser/971559f8-a215-479d-a922-b9ceba66e652
1664263863163	Marionette	INFO	Stopped listening on port 59338
[Parent 5492, IPC I/O Parent] WARNING: file /builds/worker/checkouts/gecko/ipc/chromium/src/base/process_util_win.cc:167
1664263989646	geckodriver	INFO	Listening on 127.0.0.1:59597
1664263992711	mozrunner::runner	INFO	Running command: "C:\\Program Files\\Mozilla Firefox\\firefox.exe" "--marionette" "--remote-debugging-port" "59598" "--remote-allow-hosts" "localhost" "-no-remote" "-profile" "C:\\Users\\jornb\\AppData\\Local\\Temp\\rust_mozprofilePJrcwT"
1664263993096	Marionette	INFO	Marionette enabled
1664263993102	Marionette	INFO	Listening on port 59619
Read port: 59619
WebDriver BiDi listening on ws://127.0.0.1:59598
1664263993206	RemoteAgent	WARN	TLS certificate errors will be ignored for this session
console.warn: SearchSettings: "get: No settings file exists, new profile?" (new NotFoundError("Could not open the file at C:\\Users\\jornb\\AppData\\Local\\Temp\\rust_mozprofilePJrcwT\\search.json.mozlz4", (void 0)))
DevTools listening on ws://127.0.0.1:59598/devtools/browser/3f2f8bce-27fa-4fe8-9a5a-9f417a22b01c
1664264013676	Marionette	INFO	Stopped listening on port 59619
[Parent 18920, IPC I/O Parent] WARNING: file /builds/worker/checkouts/gecko/ipc/chromium/src/base/process_util_win.cc:167
1664264234479	geckodriver	INFO	Listening on 127.0.0.1:59941
1664264237518	mozrunner::runner	INFO	Running command: "C:\\Program Files\\Mozilla Firefox\\firefox.exe" "--marionette" "--remote-debugging-port" "59942" "--remote-allow-hosts" "localhost" "-no-remote" "-profile" "C:\\Users\\jornb\\AppData\\Local\\Temp\\rust_mozprofileK3RuPf"
1664264237829	Marionette	INFO	Marionette enabled
1664264237834	Marionette	INFO	Listening on port 59957
Read port: 59957
WebDriver BiDi listening on ws://127.0.0.1:59942
1664264237912	RemoteAgent	WARN	TLS certificate errors will be ignored for this session
console.warn: SearchSettings: "get: No settings file exists, new profile?" (new NotFoundError("Could not open the file at C:\\Users\\jornb\\AppData\\Local\\Temp\\rust_mozprofileK3RuPf\\search.json.mozlz4", (void 0)))
DevTools listening on ws://127.0.0.1:59942/devtools/browser/902d8b08-36fe-4993-b265-4f38e5738867
1664264254233	Marionette	INFO	Stopped listening on port 59957
[Parent 29448, IPC I/O Parent] WARNING: file /builds/worker/checkouts/gecko/ipc/chromium/src/base/process_util_win.cc:167
1664276722153	geckodriver	INFO	Listening on 127.0.0.1:59101
1664276725197	mozrunner::runner	INFO	Running command: "C:\\Program Files\\Mozilla Firefox\\firefox.exe" "--marionette" "--remote-debugging-port" "59102" "--remote-allow-hosts" "localhost" "-no-remote" "-profile" "C:\\Users\\jornb\\AppData\\Local\\Temp\\rust_mozprofile67DiIV"
1664276725563	Marionette	INFO	Marionette enabled
1664276725568	Marionette	INFO	Listening on port 59121
WebDriver BiDi listening on ws://127.0.0.1:59102
Read port: 59121
1664276725768	RemoteAgent	WARN	TLS certificate errors will be ignored for this session
console.warn: SearchSettings: "get: No settings file exists, new profile?" (new NotFoundError("Could not open the file at C:\\Users\\jornb\\AppData\\Local\\Temp\\rust_mozprofile67DiIV\\search.json.mozlz4", (void 0)))
DevTools listening on ws://127.0.0.1:59102/devtools/browser/eb3ab449-f358-4fce-aed3-264a5d066980
1664276741955	Marionette	INFO	Stopped listening on port 59121
[Parent 2592, IPC I/O Parent] WARNING: file /builds/worker/checkouts/gecko/ipc/chromium/src/base/process_util_win.cc:167
1664276814916	geckodriver	INFO	Listening on 127.0.0.1:59297
1664276817967	mozrunner::runner	INFO	Running command: "C:\\Program Files\\Mozilla Firefox\\firefox.exe" "--marionette" "--remote-debugging-port" "59298" "--remote-allow-hosts" "localhost" "-no-remote" "-profile" "C:\\Users\\jornb\\AppData\\Local\\Temp\\rust_mozprofilehmcTBi"
1664276818270	Marionette	INFO	Marionette enabled
1664276818274	Marionette	INFO	Listening on port 59316
Read port: 59316
WebDriver BiDi listening on ws://127.0.0.1:59298
1664276818355	RemoteAgent	WARN	TLS certificate errors will be ignored for this session
console.warn: SearchSettings: "get: No settings file exists, new profile?" (new NotFoundError("Could not open the file at C:\\Users\\jornb\\AppData\\Local\\Temp\\rust_mozprofilehmcTBi\\search.json.mozlz4", (void 0)))
DevTools listening on ws://127.0.0.1:59298/devtools/browser/6f05679a-f9c2-4a0e-99ad-6106df8ab485
1664276832642	Marionette	INFO	Stopped listening on port 59316
[Parent 27904, IPC I/O Parent] WARNING: file /builds/worker/checkouts/gecko/ipc/chromium/src/base/process_util_win.cc:167
1664277009945	geckodriver	INFO	Listening on 127.0.0.1:59701
1664277012983	mozrunner::runner	INFO	Running command: "C:\\Program Files\\Mozilla Firefox\\firefox.exe" "--marionette" "--remote-debugging-port" "59702" "--remote-allow-hosts" "localhost" "-no-remote" "-profile" "C:\\Users\\jornb\\AppData\\Local\\Temp\\rust_mozprofileMUvuJe"
1664277013313	Marionette	INFO	Marionette enabled
1664277013318	Marionette	INFO	Listening on port 59717
Read port: 59717
WebDriver BiDi listening on ws://127.0.0.1:59702
1664277013396	RemoteAgent	WARN	TLS certificate errors will be ignored for this session
console.warn: SearchSettings: "get: No settings file exists, new profile?" (new NotFoundError("Could not open the file at C:\\Users\\jornb\\AppData\\Local\\Temp\\rust_mozprofileMUvuJe\\search.json.mozlz4", (void 0)))
DevTools listening on ws://127.0.0.1:59702/devtools/browser/63d57834-405f-479f-8e88-04f79dee105f
1664277028091	Marionette	INFO	Stopped listening on port 59717
[Parent 5892, IPC I/O Parent] WARNING: file /builds/worker/checkouts/gecko/ipc/chromium/src/base/process_util_win.cc:167
1664277089485	geckodriver	INFO	Listening on 127.0.0.1:59867
1664277092535	mozrunner::runner	INFO	Running command: "C:\\Program Files\\Mozilla Firefox\\firefox.exe" "--marionette" "--remote-debugging-port" "59868" "--remote-allow-hosts" "localhost" "-no-remote" "-profile" "C:\\Users\\jornb\\AppData\\Local\\Temp\\rust_mozprofilezLb0C7"
1664277092844	Marionette	INFO	Marionette enabled
1664277092848	Marionette	INFO	Listening on port 59885
Read port: 59885
WebDriver BiDi listening on ws://127.0.0.1:59868
1664277092926	RemoteAgent	WARN	TLS certificate errors will be ignored for this session
console.warn: SearchSettings: "get: No settings file exists, new profile?" (new NotFoundError("Could not open the file at C:\\Users\\jornb\\AppData\\Local\\Temp\\rust_mozprofilezLb0C7\\search.json.mozlz4", (void 0)))
DevTools listening on ws://127.0.0.1:59868/devtools/browser/1cfb65c0-cd58-4869-937f-9957625336d6
1664277109666	Marionette	INFO	Stopped listening on port 59885
[Parent 13080, IPC I/O Parent] WARNING: file /builds/worker/checkouts/gecko/ipc/chromium/src/base/process_util_win.cc:167
1664277173643	geckodriver	INFO	Listening on 127.0.0.1:60043
1664277176700	mozrunner::runner	INFO	Running command: "C:\\Program Files\\Mozilla Firefox\\firefox.exe" "--marionette" "--remote-debugging-port" "60044" "--remote-allow-hosts" "localhost" "-no-remote" "-profile" "C:\\Users\\jornb\\AppData\\Local\\Temp\\rust_mozprofiled6XEJW"
1664277177005	Marionette	INFO	Marionette enabled
1664277177010	Marionette	INFO	Listening on port 60061
Read port: 60061
WebDriver BiDi listening on ws://127.0.0.1:60044
1664277177090	RemoteAgent	WARN	TLS certificate errors will be ignored for this session
console.warn: SearchSettings: "get: No settings file exists, new profile?" (new NotFoundError("Could not open the file at C:\\Users\\jornb\\AppData\\Local\\Temp\\rust_mozprofiled6XEJW\\search.json.mozlz4", (void 0)))
DevTools listening on ws://127.0.0.1:60044/devtools/browser/94761fb1-866b-43a8-b21c-6067759ddfce
1664277191252	Marionette	INFO	Stopped listening on port 60061
[Parent 18408, IPC I/O Parent] WARNING: file /builds/worker/checkouts/gecko/ipc/chromium/src/base/process_util_win.cc:167
1664277560420	geckodriver	INFO	Listening on 127.0.0.1:60856
1664277563480	mozrunner::runner	INFO	Running command: "C:\\Program Files\\Mozilla Firefox\\firefox.exe" "--marionette" "--remote-debugging-port" "60857" "--remote-allow-hosts" "localhost" "-no-remote" "-profile" "C:\\Users\\jornb\\AppData\\Local\\Temp\\rust_mozprofileOaUBaI"
1664277563785	Marionette	INFO	Marionette enabled
1664277563790	Marionette	INFO	Listening on port 60874
Read port: 60874
WebDriver BiDi listening on ws://127.0.0.1:60857
1664277563866	RemoteAgent	WARN	TLS certificate errors will be ignored for this session
console.warn: SearchSettings: "get: No settings file exists, new profile?" (new NotFoundError("Could not open the file at C:\\Users\\jornb\\AppData\\Local\\Temp\\rust_mozprofileOaUBaI\\search.json.mozlz4", (void 0)))
DevTools listening on ws://127.0.0.1:60857/devtools/browser/75f49e79-d60d-4ee2-9d4a-6a6bf2b91f75
1664277579815	Marionette	INFO	Stopped listening on port 60874
[Parent 21148, IPC I/O Parent] WARNING: file /builds/worker/checkouts/gecko/ipc/chromium/src/base/process_util_win.cc:167
1664278609110	geckodriver	INFO	Listening on 127.0.0.1:63210
1664278612169	mozrunner::runner	INFO	Running command: "C:\\Program Files\\Mozilla Firefox\\firefox.exe" "--marionette" "--remote-debugging-port" "63211" "--remote-allow-hosts" "localhost" "-no-remote" "-profile" "C:\\Users\\jornb\\AppData\\Local\\Temp\\rust_mozprofilezGQ1Dp"
1664278612504	Marionette	INFO	Marionette enabled
1664278612509	Marionette	INFO	Listening on port 63233
WebDriver BiDi listening on ws://127.0.0.1:63211
Read port: 63233
1664278612767	RemoteAgent	WARN	TLS certificate errors will be ignored for this session
console.warn: SearchSettings: "get: No settings file exists, new profile?" (new NotFoundError("Could not open the file at C:\\Users\\jornb\\AppData\\Local\\Temp\\rust_mozprofilezGQ1Dp\\search.json.mozlz4", (void 0)))
DevTools listening on ws://127.0.0.1:63211/devtools/browser/3e9a9889-e07f-4565-b400-6e03c341b8c8
1664278629170	Marionette	INFO	Stopped listening on port 63233
[Parent 32848, IPC I/O Parent] WARNING: file /builds/worker/checkouts/gecko/ipc/chromium/src/base/process_util_win.cc:167
1664278707445	geckodriver	INFO	Listening on 127.0.0.1:63500
1664278710491	mozrunner::runner	INFO	Running command: "C:\\Program Files\\Mozilla Firefox\\firefox.exe" "--marionette" "--remote-debugging-port" "63501" "--remote-allow-hosts" "localhost" "-no-remote" "-profile" "C:\\Users\\jornb\\AppData\\Local\\Temp\\rust_mozprofileos2WeS"
1664278710819	Marionette	INFO	Marionette enabled
1664278710825	Marionette	INFO	Listening on port 63526
Read port: 63526
WebDriver BiDi listening on ws://127.0.0.1:63501
1664278710929	RemoteAgent	WARN	TLS certificate errors will be ignored for this session
console.warn: SearchSettings: "get: No settings file exists, new profile?" (new NotFoundError("Could not open the file at C:\\Users\\jornb\\AppData\\Local\\Temp\\rust_mozprofileos2WeS\\search.json.mozlz4", (void 0)))
DevTools listening on ws://127.0.0.1:63501/devtools/browser/dc316c45-0bd3-43c0-af7e-6aca69962983
1664278727056	Marionette	INFO	Stopped listening on port 63526
[Parent 20876, IPC I/O Parent] WARNING: file /builds/worker/checkouts/gecko/ipc/chromium/src/base/process_util_win.cc:167
1664279039276	geckodriver	INFO	Listening on 127.0.0.1:64407
1664279042328	mozrunner::runner	INFO	Running command: "C:\\Program Files\\Mozilla Firefox\\firefox.exe" "--marionette" "--remote-debugging-port" "64408" "--remote-allow-hosts" "localhost" "-no-remote" "-profile" "C:\\Users\\jornb\\AppData\\Local\\Temp\\rust_mozprofilew9x2Bf"
1664279042632	Marionette	INFO	Marionette enabled
1664279042636	Marionette	INFO	Listening on port 64432
Read port: 64432
WebDriver BiDi listening on ws://127.0.0.1:64408
1664279042714	RemoteAgent	WARN	TLS certificate errors will be ignored for this session
console.warn: SearchSettings: "get: No settings file exists, new profile?" (new NotFoundError("Could not open the file at C:\\Users\\jornb\\AppData\\Local\\Temp\\rust_mozprofilew9x2Bf\\search.json.mozlz4", (void 0)))
DevTools listening on ws://127.0.0.1:64408/devtools/browser/52240f04-eee7-4473-afcb-5f5da81699c6
1664279059057	Marionette	INFO	Stopped listening on port 64432
[Parent 25424, IPC I/O Parent] WARNING: file /builds/worker/checkouts/gecko/ipc/chromium/src/base/process_util_win.cc:167
1664279259132	geckodriver	INFO	Listening on 127.0.0.1:65009
1664279262164	mozrunner::runner	INFO	Running command: "C:\\Program Files\\Mozilla Firefox\\firefox.exe" "--marionette" "--remote-debugging-port" "65010" "--remote-allow-hosts" "localhost" "-no-remote" "-profile" "C:\\Users\\jornb\\AppData\\Local\\Temp\\rust_mozprofileK61bl6"
1664279262465	Marionette	INFO	Marionette enabled
1664279262469	Marionette	INFO	Listening on port 65030
Read port: 65030
WebDriver BiDi listening on ws://127.0.0.1:65010
1664279262550	RemoteAgent	WARN	TLS certificate errors will be ignored for this session
console.warn: SearchSettings: "get: No settings file exists, new profile?" (new NotFoundError("Could not open the file at C:\\Users\\jornb\\AppData\\Local\\Temp\\rust_mozprofileK61bl6\\search.json.mozlz4", (void 0)))
DevTools listening on ws://127.0.0.1:65010/devtools/browser/4387bf98-2225-4297-b5ce-e43fa8685939
1664279278021	Marionette	INFO	Stopped listening on port 65030
[Parent 27500, IPC I/O Parent] WARNING: file /builds/worker/checkouts/gecko/ipc/chromium/src/base/process_util_win.cc:167
1664279669059	geckodriver	INFO	Listening on 127.0.0.1:50013
1664279672093	mozrunner::runner	INFO	Running command: "C:\\Program Files\\Mozilla Firefox\\firefox.exe" "--marionette" "--remote-debugging-port" "50014" "--remote-allow-hosts" "localhost" "-no-remote" "-profile" "C:\\Users\\jornb\\AppData\\Local\\Temp\\rust_mozprofile2DafhX"
1664279672433	Marionette	INFO	Marionette enabled
1664279672439	Marionette	INFO	Listening on port 50033
WebDriver BiDi listening on ws://127.0.0.1:50014
Read port: 50033
1664279672690	RemoteAgent	WARN	TLS certificate errors will be ignored for this session
console.warn: SearchSettings: "get: No settings file exists, new profile?" (new NotFoundError("Could not open the file at C:\\Users\\jornb\\AppData\\Local\\Temp\\rust_mozprofile2DafhX\\search.json.mozlz4", (void 0)))
DevTools listening on ws://127.0.0.1:50014/devtools/browser/92601ef1-2349-4a6d-af03-7f891f1effc6
1664279688104	Marionette	INFO	Stopped listening on port 50033
[Parent 5984, IPC I/O Parent] WARNING: file /builds/worker/checkouts/gecko/ipc/chromium/src/base/process_util_win.cc:167
1664280201658	geckodriver	INFO	Listening on 127.0.0.1:51431
1664280204692	mozrunner::runner	INFO	Running command: "C:\\Program Files\\Mozilla Firefox\\firefox.exe" "--marionette" "--remote-debugging-port" "51432" "--remote-allow-hosts" "localhost" "-no-remote" "-profile" "C:\\Users\\jornb\\AppData\\Local\\Temp\\rust_mozprofileeB5DjJ"
1664280205046	Marionette	INFO	Marionette enabled
1664280205051	Marionette	INFO	Listening on port 51454
WebDriver BiDi listening on ws://127.0.0.1:51432
Read port: 51454
1664280205295	RemoteAgent	WARN	TLS certificate errors will be ignored for this session
console.warn: SearchSettings: "get: No settings file exists, new profile?" (new NotFoundError("Could not open the file at C:\\Users\\jornb\\AppData\\Local\\Temp\\rust_mozprofileeB5DjJ\\search.json.mozlz4", (void 0)))
DevTools listening on ws://127.0.0.1:51432/devtools/browser/c2819ea3-04da-4294-824f-a45f370ce1fd
1664280220768	Marionette	INFO	Stopped listening on port 51454
[Parent 18848, IPC I/O Parent] WARNING: file /builds/worker/checkouts/gecko/ipc/chromium/src/base/process_util_win.cc:167
1664280285289	geckodriver	INFO	Listening on 127.0.0.1:51685
1664280288338	mozrunner::runner	INFO	Running command: "C:\\Program Files\\Mozilla Firefox\\firefox.exe" "--marionette" "--remote-debugging-port" "51686" "--remote-allow-hosts" "localhost" "-no-remote" "-profile" "C:\\Users\\jornb\\AppData\\Local\\Temp\\rust_mozprofileOuT4CJ"
1664280288644	Marionette	INFO	Marionette enabled
1664280288648	Marionette	INFO	Listening on port 51709
Read port: 51709
WebDriver BiDi listening on ws://127.0.0.1:51686
1664280288730	RemoteAgent	WARN	TLS certificate errors will be ignored for this session
console.warn: SearchSettings: "get: No settings file exists, new profile?" (new NotFoundError("Could not open the file at C:\\Users\\jornb\\AppData\\Local\\Temp\\rust_mozprofileOuT4CJ\\search.json.mozlz4", (void 0)))
DevTools listening on ws://127.0.0.1:51686/devtools/browser/7a119e0b-acb3-4c0c-92fa-efae5f12ad54
1664280305802	Marionette	INFO	Stopped listening on port 51709
[Parent 32532, IPC I/O Parent] WARNING: file /builds/worker/checkouts/gecko/ipc/chromium/src/base/process_util_win.cc:167
1664280389462	geckodriver	INFO	Listening on 127.0.0.1:51982
1664280392523	mozrunner::runner	INFO	Running command: "C:\\Program Files\\Mozilla Firefox\\firefox.exe" "--marionette" "--remote-debugging-port" "51983" "--remote-allow-hosts" "localhost" "-no-remote" "-profile" "C:\\Users\\jornb\\AppData\\Local\\Temp\\rust_mozprofileXaUYyH"
1664280392830	Marionette	INFO	Marionette enabled
1664280392834	Marionette	INFO	Listening on port 52009
Read port: 52009
WebDriver BiDi listening on ws://127.0.0.1:51983
1664280392910	RemoteAgent	WARN	TLS certificate errors will be ignored for this session
console.warn: SearchSettings: "get: No settings file exists, new profile?" (new NotFoundError("Could not open the file at C:\\Users\\jornb\\AppData\\Local\\Temp\\rust_mozprofileXaUYyH\\search.json.mozlz4", (void 0)))
DevTools listening on ws://127.0.0.1:51983/devtools/browser/a4ea826c-e27c-4cc5-bf2b-7d0d59b32c6a
1664280407240	Marionette	INFO	Stopped listening on port 52009
[Parent 30256, IPC I/O Parent] WARNING: file /builds/worker/checkouts/gecko/ipc/chromium/src/base/process_util_win.cc:167
1664280462682	geckodriver	INFO	Listening on 127.0.0.1:52214
1664280465739	mozrunner::runner	INFO	Running command: "C:\\Program Files\\Mozilla Firefox\\firefox.exe" "--marionette" "--remote-debugging-port" "52215" "--remote-allow-hosts" "localhost" "-no-remote" "-profile" "C:\\Users\\jornb\\AppData\\Local\\Temp\\rust_mozprofileKl44um"
1664280466125	Marionette	INFO	Marionette enabled
1664280466131	Marionette	INFO	Listening on port 52243
Read port: 52243
WebDriver BiDi listening on ws://127.0.0.1:52215
1664280466227	RemoteAgent	WARN	TLS certificate errors will be ignored for this session
console.warn: SearchSettings: "get: No settings file exists, new profile?" (new NotFoundError("Could not open the file at C:\\Users\\jornb\\AppData\\Local\\Temp\\rust_mozprofileKl44um\\search.json.mozlz4", (void 0)))
DevTools listening on ws://127.0.0.1:52215/devtools/browser/6b6a788c-f486-447a-8c26-155eb133818a
1664280482666	Marionette	INFO	Stopped listening on port 52243
[Parent 4960, IPC I/O Parent] WARNING: file /builds/worker/checkouts/gecko/ipc/chromium/src/base/process_util_win.cc:167
1664280573515	geckodriver	INFO	Listening on 127.0.0.1:52581
1664280576554	mozrunner::runner	INFO	Running command: "C:\\Program Files\\Mozilla Firefox\\firefox.exe" "--marionette" "--remote-debugging-port" "52582" "--remote-allow-hosts" "localhost" "-no-remote" "-profile" "C:\\Users\\jornb\\AppData\\Local\\Temp\\rust_mozprofileRsA5K1"
1664280576967	Marionette	INFO	Marionette enabled
1664280576974	Marionette	INFO	Listening on port 52606
Read port: 52606
WebDriver BiDi listening on ws://127.0.0.1:52582
1664280577085	RemoteAgent	WARN	TLS certificate errors will be ignored for this session
console.warn: SearchSettings: "get: No settings file exists, new profile?" (new NotFoundError("Could not open the file at C:\\Users\\jornb\\AppData\\Local\\Temp\\rust_mozprofileRsA5K1\\search.json.mozlz4", (void 0)))
DevTools listening on ws://127.0.0.1:52582/devtools/browser/ee617023-e725-40ea-98bb-9ef8d71563fc
1664280591820	Marionette	INFO	Stopped listening on port 52606
[Parent 12080, IPC I/O Parent] WARNING: file /builds/worker/checkouts/gecko/ipc/chromium/src/base/process_util_win.cc:167
1664280783035	geckodriver	INFO	Listening on 127.0.0.1:53159
1664280786079	mozrunner::runner	INFO	Running command: "C:\\Program Files\\Mozilla Firefox\\firefox.exe" "--marionette" "--remote-debugging-port" "53160" "--remote-allow-hosts" "localhost" "-no-remote" "-profile" "C:\\Users\\jornb\\AppData\\Local\\Temp\\rust_mozprofileeduAYi"
1664280786383	Marionette	INFO	Marionette enabled
1664280786387	Marionette	INFO	Listening on port 53180
Read port: 53180
WebDriver BiDi listening on ws://127.0.0.1:53160
1664280786463	RemoteAgent	WARN	TLS certificate errors will be ignored for this session
console.warn: SearchSettings: "get: No settings file exists, new profile?" (new NotFoundError("Could not open the file at C:\\Users\\jornb\\AppData\\Local\\Temp\\rust_mozprofileeduAYi\\search.json.mozlz4", (void 0)))
DevTools listening on ws://127.0.0.1:53160/devtools/browser/ee1da4d1-be1e-4e98-b3cb-7fd6dc8f5e22
1664280805471	Marionette	INFO	Stopped listening on port 53180
[Parent 23456, IPC I/O Parent] WARNING: file /builds/worker/checkouts/gecko/ipc/chromium/src/base/process_util_win.cc:167
